<?xml version="1.0" encoding="UTF-8"?>
<!-- Generated by org.testng.reporters.JUnitXMLReporter -->
<testsuite ignored="4" hostname="LTIN520647" failures="0" tests="20" name="Test" time="43.344" errors="0" timestamp="2024-02-29T14:54:53 IST">
  <testcase classname="testcase.TC_01_Travel" name="traveldetails" time="3.635"/>
  <testcase classname="testcase.TC_01_Travel" name="date" time="2.848"/>
  <testcase classname="testcase.TC_01_Travel" name="notravellers" time="0.365"/>
  <testcase classname="testcase.TC_01_Travel" name="travellerdetails" time="2.499"/>
  <testcase classname="testcase.TC_01_Travel" name="medicalcondition" time="0.434"/>
  <testcase classname="testcase.TC_01_Travel" name="mobile" time="0.798"/>
  <testcase classname="testcase.TC_01_Travel" name="studentplans" time="8.331"/>
  <testcase classname="testcase.TC_01_Travel" name="sortby" time="2.839"/>
  <testcase classname="testcase.TC_01_Travel" name="navigate" time="1.228"/>
  <testcase classname="testcase.TC_02_Car" name="carinsurances" time="3.353"/>
  <testcase classname="testcase.TC_02_Car" name="carlocation" time="0.284"/>
  <testcase classname="testcase.TC_02_Car" name="carno" time="0.061"/>
  <testcase classname="testcase.TC_02_Car" name="carbrand" time="0.436"/>
  <testcase classname="testcase.TC_02_Car" name="carmodel" time="0.395"/>
  <testcase classname="testcase.TC_02_Car" name="carfuel" time="0.317"/>
  <testcase classname="testcase.TC_02_Car" name="carvariant" time="0.121"/>
  <testcase classname="testcase.TC_02_Car" name="userdetails_and_errormsg" time="0.236"/>
  <testcase classname="testcase.TC_02_Car" name="navigate" time="0.726"/>
  <testcase classname="testcase.TC_03_Health" name="Healthinsurance" time="0.255"/>
  <testcase classname="testcase.TC_03_Health" name="Healthinsurance_menu" time="0.698"/>
  <testcase classname="testbase.Baseclass" name="@BeforeTest setup" time="0.0">
    <ignored/>
  </testcase> <!-- @BeforeTest setup -->
  <testcase classname="testbase.Baseclass" name="@AfterTest teardown" time="0.0">
    <ignored/>
  </testcase> <!-- @AfterTest teardown -->
  <testcase classname="testbase.Baseclass" name="@AfterTest teardown" time="0.0">
    <ignored/>
  </testcase> <!-- @AfterTest teardown -->
  <testcase classname="testbase.Baseclass" name="@BeforeTest setup" time="0.0">
    <ignored/>
  </testcase> <!-- @BeforeTest setup -->
</testsuite> <!-- Test -->
