<?xml version="1.0" encoding="UTF-8"?>
<!-- Generated by org.testng.reporters.JUnitXMLReporter -->
<testsuite ignored="4" hostname="LTIN520647" failures="0" tests="20" name="ChromeTest" time="60.184" errors="0" timestamp="2024-02-28T18:16:55 IST">
  <testcase classname="testcase.testcase" name="traveldetails" time="4.073"/>
  <testcase classname="testcase.testcase" name="date" time="4.85"/>
  <testcase classname="testcase.testcase" name="notravellers" time="0.68"/>
  <testcase classname="testcase.testcase" name="travellerdetails" time="4.721"/>
  <testcase classname="testcase.testcase" name="medicalcondition" time="0.697"/>
  <testcase classname="testcase.testcase" name="mobile" time="1.64"/>
  <testcase classname="testcase.testcase" name="studentplans" time="10.343"/>
  <testcase classname="testcase.testcase" name="sortby" time="4.244"/>
  <testcase classname="testcase.testcase" name="navigate" time="2.294"/>
  <testcase classname="testcase.testcase2" name="carinsurances" time="4.971"/>
  <testcase classname="testcase.testcase2" name="carlocation" time="0.137"/>
  <testcase classname="testcase.testcase2" name="carno" time="0.139"/>
  <testcase classname="testcase.testcase2" name="carbrand" time="0.31"/>
  <testcase classname="testcase.testcase2" name="carmodel" time="0.253"/>
  <testcase classname="testcase.testcase2" name="carfuel" time="0.299"/>
  <testcase classname="testcase.testcase2" name="carvariant" time="0.153"/>
  <testcase classname="testcase.testcase2" name="userdetails_and_errormsg" time="0.693"/>
  <testcase classname="testcase.testcase2" name="navigate" time="1.376"/>
  <testcase classname="testcase.testcase3" name="Healthinsurance" time="0.228"/>
  <testcase classname="testcase.testcase3" name="Healthinsurance_menu" time="1.341"/>
  <testcase classname="testbase.Baseclass" name="@AfterTest teardown" time="0.0">
    <ignored/>
  </testcase> <!-- @AfterTest teardown -->
  <testcase classname="testbase.Baseclass" name="@AfterTest teardown" time="0.0">
    <ignored/>
  </testcase> <!-- @AfterTest teardown -->
  <testcase classname="testbase.Baseclass" name="@BeforeTest setup" time="0.0">
    <ignored/>
  </testcase> <!-- @BeforeTest setup -->
  <testcase classname="testbase.Baseclass" name="@BeforeTest setup" time="0.0">
    <ignored/>
  </testcase> <!-- @BeforeTest setup -->
</testsuite> <!-- ChromeTest -->
